\BOOKMARK [0][-]{section*.1}{\376\377\000S\000h\000o\000r\000t\000\040\000c\000o\000n\000t\000e\000n\000t\000s}{}% 1
\BOOKMARK [0][-]{chapter*.2}{\376\377\000A\000b\000o\000u\000t\000\040\000t\000h\000e\000\040\000A\000u\000t\000h\000o\000r}{}% 2
\BOOKMARK [0][-]{chapter*.3}{\376\377\000I\000n\000t\000r\000o\000d\000u\000c\000t\000i\000o\000n}{}% 3
\BOOKMARK [0][-]{chapter.1}{\376\377\000O\000r\000g\000a\000n\000i\000z\000a\000t\000i\000o\000n\000a\000l\000\040\000A\000c\000t\000i\000v\000i\000t\000i\000e\000s\000\040\000a\000n\000d\000\040\000T\000e\000a\000m\000s}{}% 4
\BOOKMARK [1][-]{section.1.1}{\376\377\000A\000t\000t\000i\000t\000u\000d\000e\000,\000\040\000P\000o\000s\000i\000t\000i\000v\000e\000,\000\040\000T\000e\000a\000m\000\040\000B\000u\000i\000l\000d\000i\000n\000g}{chapter.1}% 5
\BOOKMARK [1][-]{section.1.2}{\376\377\000B\000e\000h\000a\000v\000i\000o\000r\000,\000\040\000G\000o\000a\000l\000s}{chapter.1}% 6
\BOOKMARK [1][-]{section.1.3}{\376\377\000B\000u\000s\000i\000n\000e\000s\000s\000\040\000P\000h\000i\000l\000o\000s\000o\000p\000h\000y\000,\000\040\000B\000e\000n\000\040\000\046\000\040\000J\000e\000r\000r\000y\000\040\000P\000e\000r\000s\000p\000e\000c\000t\000i\000v\000e}{chapter.1}% 7
\BOOKMARK [1][-]{section.1.4}{\376\377\000C\000o\000m\000m\000o\000n\000w\000e\000a\000l\000t\000h\000\040\000o\000f\000\040\000I\000s\000r\000a\000e\000l\000,\000\040\000T\000h\000e\000\040\000B\000e\000g\000i\000n\000n\000i\000n\000g}{chapter.1}% 8
\BOOKMARK [1][-]{section.1.5}{\376\377\000C\000o\000m\000m\000u\000n\000i\000c\000a\000t\000i\000n\000g\000\040\000a\000n\000d\000\040\000T\000e\000a\000m\000\040\000B\000u\000i\000l\000d\000i\000n\000g}{chapter.1}% 9
\BOOKMARK [1][-]{section.1.6}{\376\377\000C\000o\000u\000r\000a\000g\000e\000,\000\040\000R\000e\000s\000i\000s\000t\000a\000n\000c\000e\000\040\000t\000o\000\040\000E\000v\000i\000l}{chapter.1}% 10
\BOOKMARK [1][-]{section.1.7}{\376\377\000D\000i\000s\000c\000r\000i\000m\000i\000n\000a\000t\000i\000o\000n\000,\000\040\000B\000a\000s\000i\000s\000\040\000o\000f}{chapter.1}% 11
\BOOKMARK [1][-]{section.1.8}{\376\377\000D\000i\000s\000c\000i\000p\000l\000i\000n\000e}{chapter.1}% 12
\BOOKMARK [2][-]{subsection.1.8.1}{\376\377\000F\000o\000l\000l\000o\000w\000i\000n\000g\000\040\000O\000r\000d\000e\000r\000s}{section.1.8}% 13
\BOOKMARK [2][-]{subsection.1.8.2}{\376\377\000S\000o\000l\000d\000i\000e\000r\000l\000y}{section.1.8}% 14
\BOOKMARK [1][-]{section.1.9}{\376\377\000E\000m\000p\000l\000o\000y\000e\000e\000\040\000S\000u\000p\000e\000r\000v\000i\000s\000i\000o\000n}{chapter.1}% 15
\BOOKMARK [1][-]{section.1.10}{\376\377\000E\000q\000u\000a\000l\000i\000t\000y\000\040\000o\000f\000\040\000M\000a\000n}{chapter.1}% 16
\BOOKMARK [1][-]{section.1.11}{\376\377\000E\000t\000h\000i\000c\000s\000,\000\040\000B\000u\000s\000i\000n\000e\000s\000s}{chapter.1}% 17
\BOOKMARK [1][-]{section.1.12}{\376\377\000E\000x\000p\000a\000n\000d\000i\000n\000g\000\040\000t\000h\000r\000o\000u\000g\000h\000\040\000R\000i\000g\000h\000t\000e\000o\000u\000s\000n\000e\000s\000s}{chapter.1}% 18
\BOOKMARK [1][-]{section.1.13}{\376\377\000G\000o\000a\000l\000\040\000S\000e\000t\000t\000i\000n\000g}{chapter.1}% 19
\BOOKMARK [1][-]{section.1.14}{\376\377\000H\000e\000l\000p\000i\000n\000g}{chapter.1}% 20
\BOOKMARK [2][-]{subsection.1.14.1}{\376\377\000J\000u\000s\000t\000i\000f\000i\000c\000a\000t\000i\000o\000n\000\040\000F\000o\000r}{section.1.14}% 21
\BOOKMARK [2][-]{subsection.1.14.2}{\376\377\000O\000v\000e\000r\000c\000o\000m\000i\000n\000g\000\040\000E\000v\000i\000l}{section.1.14}% 22
\BOOKMARK [1][-]{section.1.15}{\376\377\000M\000o\000t\000i\000v\000a\000t\000i\000o\000n\000\040\000O\000f\000\040\000E\000m\000p\000l\000o\000y\000e\000e\000s}{chapter.1}% 23
\BOOKMARK [1][-]{section.1.16}{\376\377\000O\000r\000g\000a\000n\000i\000z\000a\000t\000i\000o\000n}{chapter.1}% 24
\BOOKMARK [2][-]{subsection.1.16.1}{\376\377\000C\000h\000e\000m\000i\000s\000t\000r\000y}{section.1.16}% 25
\BOOKMARK [2][-]{subsection.1.16.2}{\376\377\000P\000y\000r\000a\000m\000i\000d\000\040\000S\000t\000r\000u\000c\000t\000u\000r\000e}{section.1.16}% 26
\BOOKMARK [2][-]{subsection.1.16.3}{\376\377\000S\000t\000a\000f\000f\000\040\000a\000n\000d\000\040\000L\000i\000n\000e\000\040\000R\000e\000s\000p\000o\000n\000s\000i\000b\000i\000l\000i\000t\000i\000e\000s}{section.1.16}% 27
\BOOKMARK [2][-]{subsection.1.16.4}{\376\377\000S\000t\000r\000u\000c\000t\000u\000r\000e}{section.1.16}% 28
\BOOKMARK [1][-]{section.1.17}{\376\377\000P\000e\000a\000c\000e}{chapter.1}% 29
\BOOKMARK [2][-]{subsection.1.17.1}{\376\377\000A\000\040\000B\000l\000e\000s\000s\000i\000n\000g}{section.1.17}% 30
\BOOKMARK [2][-]{subsection.1.17.2}{\376\377\000P\000r\000a\000y\000e\000r\000\040\000F\000o\000r}{section.1.17}% 31
\BOOKMARK [1][-]{section.1.18}{\376\377\000P\000e\000r\000f\000o\000r\000m\000a\000n\000c\000e\000\040\000S\000e\000l\000f\000\040\000E\000v\000a\000l\000u\000a\000t\000i\000o\000n}{chapter.1}% 32
\BOOKMARK [1][-]{section.1.19}{\376\377\000P\000e\000r\000s\000o\000n\000n\000e\000l}{chapter.1}% 33
\BOOKMARK [2][-]{subsection.1.19.1}{\376\377\000C\000r\000i\000t\000e\000r\000i\000a}{section.1.19}% 34
\BOOKMARK [2][-]{subsection.1.19.2}{\376\377\000R\000e\000c\000r\000u\000i\000t\000i\000n\000g}{section.1.19}% 35
\BOOKMARK [2][-]{subsection.1.19.3}{\376\377\000R\000\351\000s\000u\000m\000\351}{section.1.19}% 36
\BOOKMARK [1][-]{section.1.20}{\376\377\000R\000e\000j\000e\000c\000t\000i\000o\000n\000,\000\040\000B\000r\000o\000t\000h\000e\000r\000s\000\040\000i\000n\000\040\000C\000h\000r\000i\000s\000t}{chapter.1}% 37
\BOOKMARK [1][-]{section.1.21}{\376\377\000R\000e\000l\000a\000t\000i\000o\000n\000s\000h\000i\000p\000s\000,\000\040\000B\000u\000i\000l\000d\000i\000n\000g\000\040\000o\000f}{chapter.1}% 38
\BOOKMARK [1][-]{section.1.22}{\376\377\000R\000e\000l\000i\000g\000i\000o\000n\000s\000,\000\040\000D\000i\000f\000f\000e\000r\000e\000n\000c\000e\000s\000\040\000o\000f}{chapter.1}% 39
\BOOKMARK [1][-]{section.1.23}{\376\377\000R\000i\000g\000h\000t\000s\000,\000\040\000R\000e\000i\000n\000f\000o\000r\000c\000i\000n\000g\000\040\000o\000f}{chapter.1}% 40
\BOOKMARK [1][-]{section.1.24}{\376\377\000S\000a\000f\000e\000t\000y\000\040\000P\000r\000i\000n\000c\000i\000p\000l\000e}{chapter.1}% 41
\BOOKMARK [1][-]{section.1.25}{\376\377\000T\000e\000a\000c\000h\000i\000n\000g\000,\000\040\000R\000e\000c\000e\000p\000t\000i\000o\000n\000\040\000o\000f}{chapter.1}% 42
\BOOKMARK [1][-]{section.1.26}{\376\377\000T\000e\000a\000m\000s}{chapter.1}% 43
\BOOKMARK [2][-]{subsection.1.26.1}{\376\377\000T\000e\000a\000m\000\040\000B\000u\000i\000l\000d\000i\000n\000g}{section.1.26}% 44
\BOOKMARK [2][-]{subsection.1.26.2}{\376\377\000T\000e\000a\000m\000\040\000S\000u\000c\000c\000e\000s\000s}{section.1.26}% 45
\BOOKMARK [2][-]{subsection.1.26.3}{\376\377\000T\000e\000a\000m\000\040\000W\000o\000r\000k\000,\000\040\000I\000n\000t\000e\000r\000r\000e\000l\000a\000t\000i\000o\000n\000s}{section.1.26}% 46
\BOOKMARK [2][-]{subsection.1.26.4}{\376\377\000T\000e\000a\000m\000\040\000W\000o\000r\000k\000,\000\040\000O\000r\000g\000a\000n\000i\000z\000a\000t\000i\000o\000n}{section.1.26}% 47
\BOOKMARK [2][-]{subsection.1.26.5}{\376\377\000T\000e\000a\000m\000\040\000W\000o\000r\000k\000,\000\040\000R\000o\000l\000e\000s\000\040\000a\000n\000d\000\040\000A\000t\000t\000i\000t\000u\000d\000e\000s}{section.1.26}% 48
\BOOKMARK [1][-]{section.1.27}{\376\377\000W\000o\000r\000k\000\040\000A\000t\000t\000i\000t\000u\000d\000e}{chapter.1}% 49
\BOOKMARK [0][-]{chapter.2}{\376\377\000P\000e\000r\000s\000o\000n\000a\000l\000\040\000C\000o\000n\000d\000u\000c\000t\000\040\000a\000n\000d\000\040\000L\000e\000a\000d\000e\000r\000s\000h\000i\000p\000\040\000i\000n\000\040\000t\000h\000e\000\040\000B\000u\000s\000i\000n\000e\000s\000s\000\040\000W\000o\000r\000l\000d}{}% 50
\BOOKMARK [1][-]{section.2.1}{\376\377\000A\000c\000t\000i\000o\000n\000\040\000O\000n\000\040\000D\000r\000e\000a\000m\000s}{chapter.2}% 51
\BOOKMARK [1][-]{section.2.2}{\376\377\000A\000l\000c\000o\000h\000o\000l\000i\000s\000m}{chapter.2}% 52
\BOOKMARK [2][-]{subsection.2.2.1}{\376\377\000F\000a\000t\000e\000\040\000o\000f}{section.2.2}% 53
\BOOKMARK [2][-]{subsection.2.2.2}{\376\377\000A\000\040\000W\000a\000r\000n\000i\000n\000g}{section.2.2}% 54
\BOOKMARK [1][-]{section.2.3}{\376\377\000A\000t\000t\000i\000t\000u\000d\000e}{chapter.2}% 55
\BOOKMARK [2][-]{subsection.2.3.1}{\376\377\000C\000h\000r\000i\000s\000t\000i\000a\000n}{section.2.3}% 56
\BOOKMARK [2][-]{subsection.2.3.2}{\376\377\000H\000o\000p\000e}{section.2.3}% 57
\BOOKMARK [1][-]{section.2.4}{\376\377\000B\000o\000r\000n\000\040\000a\000g\000a\000i\000n\000,\000\040\000D\000e\000f\000i\000n\000i\000t\000i\000o\000n}{chapter.2}% 58
\BOOKMARK [1][-]{section.2.5}{\376\377\000B\000r\000o\000t\000h\000e\000r\000l\000y\000\040\000L\000o\000v\000e}{chapter.2}% 59
\BOOKMARK [1][-]{section.2.6}{\376\377\000C\000h\000a\000n\000g\000e\000\040\000I\000m\000p\000l\000e\000m\000e\000n\000t\000a\000t\000i\000o\000n}{chapter.2}% 60
\BOOKMARK [1][-]{section.2.7}{\376\377\000C\000h\000a\000r\000a\000c\000t\000e\000r\000,\000\040\000P\000e\000r\000c\000e\000p\000t\000i\000o\000n}{chapter.2}% 61
\BOOKMARK [1][-]{section.2.8}{\376\377\000C\000o\000m\000m\000i\000t\000m\000e\000n\000t\000\040\000T\000o\000\040\000G\000o\000d}{chapter.2}% 62
\BOOKMARK [1][-]{section.2.9}{\376\377\000C\000o\000m\000m\000u\000n\000i\000c\000a\000t\000i\000o\000n}{chapter.2}% 63
\BOOKMARK [2][-]{subsection.2.9.1}{\376\377\000C\000o\000n\000f\000i\000d\000e\000n\000t\000i\000a\000l\000i\000t\000y}{section.2.9}% 64
\BOOKMARK [2][-]{subsection.2.9.2}{\376\377\000D\000e\000l\000i\000v\000e\000r\000y\0001}{section.2.9}% 65
\BOOKMARK [2][-]{subsection.2.9.3}{\376\377\000D\000e\000l\000i\000v\000e\000r\000y\0002}{section.2.9}% 66
\BOOKMARK [2][-]{subsection.2.9.4}{\376\377\000I\000m\000p\000o\000r\000t\000a\000n\000c\000e\000\040\000o\000f}{section.2.9}% 67
\BOOKMARK [2][-]{subsection.2.9.5}{\376\377\000M\000i\000s\000s\000i\000o\000n\000\040\000M\000a\000r\000k}{section.2.9}% 68
\BOOKMARK [2][-]{subsection.2.9.6}{\376\377\000P\000e\000r\000s\000p\000e\000c\000t\000i\000v\000e}{section.2.9}% 69
\BOOKMARK [2][-]{subsection.2.9.7}{\376\377\000S\000a\000l\000v\000i\000f\000i\000c\000/\000S\000a\000v\000i\000n\000g}{section.2.9}% 70
\BOOKMARK [2][-]{subsection.2.9.8}{\376\377\000T\000r\000u\000t\000h}{section.2.9}% 71
\BOOKMARK [2][-]{subsection.2.9.9}{\376\377\000V\000a\000l\000u\000e}{section.2.9}% 72
\BOOKMARK [2][-]{subsection.2.9.10}{\376\377\000V\000e\000r\000b\000a\000l\000\040\000a\000n\000d\000\040\000W\000r\000i\000t\000t\000e\000n}{section.2.9}% 73
\BOOKMARK [1][-]{section.2.10}{\376\377\000C\000o\000n\000d\000u\000c\000t\000,\000\040\000P\000e\000r\000s\000o\000n\000a\000l}{chapter.2}% 74
\BOOKMARK [1][-]{section.2.11}{\376\377\000C\000o\000u\000r\000a\000g\000e}{chapter.2}% 75
\BOOKMARK [2][-]{subsection.2.11.1}{\376\377\000A\000r\000m\000o\000r\000\040\000o\000f\000\040\000G\000o\000d}{section.2.11}% 76
\BOOKMARK [2][-]{subsection.2.11.2}{\376\377\000C\000l\000a\000s\000s\000i\000c\000a\000l\000\040\000G\000u\000i\000d\000a\000n\000c\000e}{section.2.11}% 77
\BOOKMARK [2][-]{subsection.2.11.3}{\376\377\000F\000e\000a\000r\000,\000\040\000E\000l\000i\000m\000i\000n\000a\000t\000i\000o\000n\000\040\000o\000f}{section.2.11}% 78
\BOOKMARK [2][-]{subsection.2.11.4}{\376\377\000G\000o\000a\000l\000s}{section.2.11}% 79
\BOOKMARK [2][-]{subsection.2.11.5}{\376\377\000H\000o\000p\000e}{section.2.11}% 80
\BOOKMARK [2][-]{subsection.2.11.6}{\376\377\000L\000o\000g\000i\000c}{section.2.11}% 81
\BOOKMARK [2][-]{subsection.2.11.7}{\376\377\000P\000e\000r\000s\000e\000v\000e\000r\000a\000n\000c\000e}{section.2.11}% 82
\BOOKMARK [1][-]{section.2.12}{\376\377\000C\000r\000e\000a\000t\000i\000o\000n\000,\000\040\000H\000u\000m\000a\000n}{chapter.2}% 83
\BOOKMARK [1][-]{section.2.13}{\376\377\000C\000r\000i\000s\000i\000s\000\040\000M\000a\000n\000a\000g\000e\000m\000e\000n\000t}{chapter.2}% 84
\BOOKMARK [1][-]{section.2.14}{\376\377\000C\000r\000i\000t\000i\000c\000i\000z\000i\000n\000g\000,\000\040\000U\000s\000i\000n\000g\000\040\000A\000n\000a\000l\000o\000g\000i\000e\000s}{chapter.2}% 85
\BOOKMARK [1][-]{section.2.15}{\376\377\000D\000e\000a\000t\000h}{chapter.2}% 86
\BOOKMARK [2][-]{subsection.2.15.1}{\376\377\000H\000o\000p\000e}{section.2.15}% 87
\BOOKMARK [2][-]{subsection.2.15.2}{\376\377\000`\000`\000T\000h\000e\000\040\000L\000i\000g\000h\000t\000'\000'\000\040\000\050\000N\000e\000a\000r\000\040\000D\000e\000a\000t\000h\000\040\000E\000x\000p\000e\000r\000i\000e\000n\000c\000e\000s\000\051}{section.2.15}% 88
\BOOKMARK [1][-]{section.2.16}{\376\377\000D\000e\000c\000i\000s\000i\000o\000n\000\040\000M\000a\000k\000i\000n\000g\000,\000\040\000G\000a\000m\000a\000l\000i\000e\000l\000\040\000T\000a\000c\000t\000i\000c}{chapter.2}% 89
\BOOKMARK [1][-]{section.2.17}{\376\377\000D\000e\000p\000r\000e\000s\000s\000i\000o\000n}{chapter.2}% 90
\BOOKMARK [2][-]{subsection.2.17.1}{\376\377\000A\000\040\000P\000r\000a\000y\000e\000r\000\040\000F\000o\000r}{section.2.17}% 91
\BOOKMARK [2][-]{subsection.2.17.2}{\376\377\000I\000d\000e\000n\000t\000i\000f\000i\000c\000a\000t\000i\000o\000n}{section.2.17}% 92
\BOOKMARK [1][-]{section.2.18}{\376\377\000D\000e\000t\000a\000i\000l\000s\000,\000\040\000M\000a\000n\000a\000g\000i\000n\000g}{chapter.2}% 93
\BOOKMARK [1][-]{section.2.19}{\376\377\000D\000i\000s\000c\000i\000p\000l\000i\000n\000e}{chapter.2}% 94
\BOOKMARK [2][-]{subsection.2.19.1}{\376\377\000C\000h\000i\000l\000d\000r\000e\000n}{section.2.19}% 95
\BOOKMARK [2][-]{subsection.2.19.2}{\376\377\000R\000e\000a\000s\000o\000n\000s\000\040\000F\000o\000r}{section.2.19}% 96
\BOOKMARK [1][-]{section.2.20}{\376\377\000E\000n\000d\000u\000r\000a\000n\000c\000e\000\040\000A\000g\000a\000i\000n\000s\000t\000\040\000T\000e\000m\000p\000t\000a\000t\000i\000o\000n}{chapter.2}% 97
\BOOKMARK [1][-]{section.2.21}{\376\377\000E\000n\000v\000i\000r\000o\000n\000m\000e\000n\000t\000a\000l\000\040\000R\000e\000s\000p\000o\000n\000s\000i\000b\000i\000l\000i\000t\000y}{chapter.2}% 98
\BOOKMARK [1][-]{section.2.22}{\376\377\000E\000t\000h\000i\000c\000s\000,\000\040\000S\000i\000m\000p\000l\000e}{chapter.2}% 99
\BOOKMARK [1][-]{section.2.23}{\376\377\000E\000v\000i\000l\000,\000\040\000C\000o\000r\000r\000e\000c\000t\000i\000n\000g\000\040\000I\000t}{chapter.2}% 100
\BOOKMARK [1][-]{section.2.24}{\376\377\000E\000x\000c\000e\000s\000s\000e\000s\000,\000\040\000M\000o\000d\000e\000r\000a\000t\000i\000o\000n}{chapter.2}% 101
\BOOKMARK [1][-]{section.2.25}{\376\377\000F\000a\000i\000t\000h}{chapter.2}% 102
\BOOKMARK [2][-]{subsection.2.25.1}{\376\377\000D\000e\000f\000i\000n\000i\000t\000i\000o\000n}{section.2.25}% 103
\BOOKMARK [2][-]{subsection.2.25.2}{\376\377\000V\000a\000l\000u\000e\000\040\000O\000f}{section.2.25}% 104
\BOOKMARK [1][-]{section.2.26}{\376\377\000F\000a\000m\000i\000l\000y}{chapter.2}% 105
\BOOKMARK [2][-]{subsection.2.26.1}{\376\377\000G\000e\000n\000e\000r\000a\000t\000i\000o\000n\000s}{section.2.26}% 106
\BOOKMARK [2][-]{subsection.2.26.2}{\376\377\000U\000n\000i\000v\000e\000r\000s\000a\000l}{section.2.26}% 107
\BOOKMARK [1][-]{section.2.27}{\376\377\000F\000e\000a\000r\000,\000\040\000C\000o\000p\000i\000n\000g\000\040\000W\000i\000t\000h}{chapter.2}% 108
\BOOKMARK [1][-]{section.2.28}{\376\377\000F\000r\000e\000e\000d\000o\000m\000\040\000o\000f\000\040\000C\000o\000n\000s\000c\000i\000e\000n\000c\000e}{chapter.2}% 109
\BOOKMARK [1][-]{section.2.29}{\376\377\000F\000r\000i\000e\000n\000d\000s\000h\000i\000p\000,\000\040\000J\000o\000y}{chapter.2}% 110
\BOOKMARK [1][-]{section.2.30}{\376\377\000G\000o\000d\000,\000\040\000P\000e\000r\000s\000p\000e\000c\000t\000i\000v\000e\000\040\000o\000f}{chapter.2}% 111
\BOOKMARK [1][-]{section.2.31}{\376\377\000G\000o\000d\000'\000s\000\040\000W\000a\000y\000s\000,\000\040\000F\000o\000l\000l\000o\000w\000i\000n\000g}{chapter.2}% 112
\BOOKMARK [1][-]{section.2.32}{\376\377\000G\000o\000v\000e\000r\000n\000m\000e\000n\000t\000,\000\040\000P\000r\000a\000i\000s\000e\000\040\000t\000o\000\040\000G\000o\000d}{chapter.2}% 113
\BOOKMARK [1][-]{section.2.33}{\376\377\000G\000r\000a\000c\000e\000\040\000a\000n\000d\000\040\000L\000a\000w}{chapter.2}% 114
\BOOKMARK [1][-]{section.2.34}{\376\377\000G\000r\000a\000c\000e\000\040\000v\000e\000r\000s\000u\000s\000\040\000L\000a\000w}{chapter.2}% 115
\BOOKMARK [1][-]{section.2.35}{\376\377\000G\000r\000a\000t\000i\000t\000u\000d\000e\000,\000\040\000R\000e\000m\000e\000m\000b\000r\000a\000n\000c\000e\000\040\000O\000f}{chapter.2}% 116
\BOOKMARK [1][-]{section.2.36}{\376\377\000G\000r\000o\000w\000i\000n\000g\000\040\000A\000n\000d\000\040\000G\000r\000o\000w\000t\000h}{chapter.2}% 117
\BOOKMARK [2][-]{subsection.2.36.1}{\376\377\000T\000h\000r\000o\000u\000g\000h\000\040\000R\000i\000g\000h\000t\000e\000o\000u\000s\000n\000e\000s\000s}{section.2.36}% 118
\BOOKMARK [2][-]{subsection.2.36.2}{\376\377\000P\000r\000o\000f\000e\000s\000s\000i\000o\000n\000a\000l\000\040\000a\000n\000d\000\040\000S\000p\000i\000r\000i\000t\000u\000a\000l}{section.2.36}% 119
\BOOKMARK [1][-]{section.2.37}{\376\377\000G\000u\000i\000l\000t\000,\000\040\000D\000e\000g\000r\000e\000e\000\040\000o\000f}{chapter.2}% 120
\BOOKMARK [1][-]{section.2.38}{\376\377\000H\000e\000l\000p\000,\000\040\000S\000e\000e\000k\000i\000n\000g\000\040\000i\000t}{chapter.2}% 121
\BOOKMARK [1][-]{section.2.39}{\376\377\000H\000o\000m\000o\000s\000e\000x\000u\000a\000l\000i\000t\000y\000,\000\040\000C\000o\000m\000m\000e\000n\000t\000a\000r\000y\000\040\000o\000n}{chapter.2}% 122
\BOOKMARK [1][-]{section.2.40}{\376\377\000H\000o\000p\000e\000,\000\040\000A\000\040\000P\000r\000a\000y\000e\000r\000\040\000f\000o\000r}{chapter.2}% 123
\BOOKMARK [1][-]{section.2.41}{\376\377\000I\000d\000o\000l\000a\000t\000r\000y\000,\000\040\000F\000a\000l\000s\000e\000\040\000G\000o\000d\000s}{chapter.2}% 124
\BOOKMARK [1][-]{section.2.42}{\376\377\000S\000e\000l\000f\000\040\000I\000m\000a\000g\000e}{chapter.2}% 125
\BOOKMARK [1][-]{section.2.43}{\376\377\000I\000s\000r\000a\000e\000l\000\040\000A\000s\000\040\000A\000n\000\040\000E\000x\000a\000m\000p\000l\000e\000\040\000O\000f\000\040\000H\000o\000s\000p\000i\000t\000a\000l\000i\000t\000y}{chapter.2}% 126
\BOOKMARK [1][-]{section.2.44}{\376\377\000J\000e\000s\000u\000s\000'\000\040\000C\000o\000m\000m\000i\000t\000m\000e\000n\000t\000\040\000T\000o\000\040\000U\000s}{chapter.2}% 127
\BOOKMARK [1][-]{section.2.45}{\376\377\000J\000u\000d\000a\000i\000s\000m\000,\000\040\000S\000y\000n\000o\000p\000s\000i\000s\000\040\000o\000f}{chapter.2}% 128
\BOOKMARK [1][-]{section.2.46}{\376\377\000J\000u\000d\000g\000m\000e\000n\000t}{chapter.2}% 129
\BOOKMARK [2][-]{subsection.2.46.1}{\376\377\000O\000f\000\040\000O\000t\000h\000e\000r\000s}{section.2.46}% 130
\BOOKMARK [2][-]{subsection.2.46.2}{\376\377\000S\000p\000i\000r\000i\000t\000u\000a\000l}{section.2.46}% 131
\BOOKMARK [2][-]{subsection.2.46.3}{\376\377\000U\000l\000t\000i\000m\000a\000t\000e}{section.2.46}% 132
\BOOKMARK [1][-]{section.2.47}{\376\377\000J\000u\000s\000t\000i\000c\000e\000\040\000O\000n\000\040\000E\000a\000r\000t\000h}{chapter.2}% 133
\BOOKMARK [1][-]{section.2.48}{\376\377\000L\000e\000a\000d\000e\000r\000s\000h\000i\000p}{chapter.2}% 134
\BOOKMARK [2][-]{subsection.2.48.1}{\376\377\000A\000\040\000P\000r\000a\000y\000e\000r\000\040\000F\000o\000r}{section.2.48}% 135
\BOOKMARK [2][-]{subsection.2.48.2}{\376\377\000C\000h\000a\000r\000a\000c\000t\000e\000r}{section.2.48}% 136
\BOOKMARK [2][-]{subsection.2.48.3}{\376\377\000C\000o\000m\000m\000i\000t\000m\000e\000n\000t}{section.2.48}% 137
\BOOKMARK [2][-]{subsection.2.48.4}{\376\377\000I\000m\000a\000g\000e}{section.2.48}% 138
\BOOKMARK [2][-]{subsection.2.48.5}{\376\377\000P\000e\000r\000s\000o\000n\000n\000e\000l}{section.2.48}% 139
\BOOKMARK [2][-]{subsection.2.48.6}{\376\377\000R\000e\000s\000p\000o\000n\000s\000i\000b\000i\000l\000i\000t\000y}{section.2.48}% 140
\BOOKMARK [2][-]{subsection.2.48.7}{\376\377\000W\000o\000r\000k\000\040\000E\000t\000h\000i\000c}{section.2.48}% 141
\BOOKMARK [1][-]{section.2.49}{\376\377\000L\000i\000f\000e}{chapter.2}% 142
\BOOKMARK [2][-]{subsection.2.49.1}{\376\377\000A\000n\000\040\000A\000t\000t\000i\000t\000u\000d\000e\000\040\000F\000o\000r}{section.2.49}% 143
\BOOKMARK [2][-]{subsection.2.49.2}{\376\377\000P\000u\000r\000p\000o\000s\000e\000\040\000o\000f}{section.2.49}% 144
\BOOKMARK [1][-]{section.2.50}{\376\377\000L\000i\000g\000h\000t\000,\000\040\000U\000n\000i\000v\000e\000r\000s\000a\000l}{chapter.2}% 145
\BOOKMARK [1][-]{section.2.51}{\376\377\000L\000i\000s\000t\000e\000n\000i\000n\000g}{chapter.2}% 146
\BOOKMARK [2][-]{subsection.2.51.1}{\376\377\000L\000e\000a\000r\000n\000i\000n\000g}{section.2.51}% 147
\BOOKMARK [2][-]{subsection.2.51.2}{\376\377\000V\000a\000l\000u\000e\000\040\000O\000f}{section.2.51}% 148
\BOOKMARK [1][-]{section.2.52}{\376\377\000L\000o\000v\000e\000,\000\040\000C\000o\000m\000m\000i\000t\000m\000e\000n\000t\000s\000\040\000O\000f}{chapter.2}% 149
\BOOKMARK [1][-]{section.2.53}{\376\377\000M\000a\000n\000a\000g\000e\000m\000e\000n\000t}{chapter.2}% 150
\BOOKMARK [2][-]{subsection.2.53.1}{\376\377\000A\000t\000t\000i\000t\000u\000d\000e\000\040\000F\000o\000r\000\040\000S\000u\000c\000c\000e\000s\000s}{section.2.53}% 151
\BOOKMARK [2][-]{subsection.2.53.2}{\376\377\000C\000h\000a\000r\000t\000e\000r\000\040\000F\000o\000r}{section.2.53}% 152
\BOOKMARK [2][-]{subsection.2.53.3}{\376\377\000C\000r\000i\000t\000e\000r\000i\000a\000\040\000f\000o\000r}{section.2.53}% 153
\BOOKMARK [2][-]{subsection.2.53.4}{\376\377\000P\000r\000o\000c\000e\000d\000u\000r\000e}{section.2.53}% 154
\BOOKMARK [1][-]{section.2.54}{\376\377\000M\000a\000r\000r\000i\000a\000g\000e}{chapter.2}% 155
\BOOKMARK [2][-]{subsection.2.54.1}{\376\377\000A\000t\000t\000i\000t\000u\000d\000e\000s}{section.2.54}% 156
\BOOKMARK [2][-]{subsection.2.54.2}{\376\377\000\050\000U\000n\000\051\000S\000h\000a\000r\000e\000d\000\040\000F\000a\000i\000t\000h}{section.2.54}% 157
\BOOKMARK [1][-]{section.2.55}{\376\377\000M\000a\000t\000u\000r\000i\000t\000y}{chapter.2}% 158
\BOOKMARK [2][-]{subsection.2.55.1}{\376\377\000B\000y\000\040\000S\000u\000f\000f\000e\000r\000i\000n\000g\000s}{section.2.55}% 159
\BOOKMARK [2][-]{subsection.2.55.2}{\376\377\000F\000o\000r\000g\000i\000v\000i\000n\000g\000,\000\040\000S\000t\000r\000e\000n\000g\000t\000h\000\040\000o\000f}{section.2.55}% 160
\BOOKMARK [2][-]{subsection.2.55.3}{\376\377\000T\000r\000i\000a\000l\000s}{section.2.55}% 161
\BOOKMARK [1][-]{section.2.56}{\376\377\000H\000o\000p\000e\000\040\000a\000s\000\040\000a\000\040\000M\000e\000d\000i\000c\000i\000n\000e}{chapter.2}% 162
\BOOKMARK [1][-]{section.2.57}{\376\377\000N\000a\000t\000i\000o\000n\000,\000\040\000G\000o\000d\000'\000s\000\040\000P\000e\000r\000s\000p\000e\000c\000t\000i\000v\000e}{chapter.2}% 163
\BOOKMARK [1][-]{section.2.58}{\376\377\000N\000a\000t\000u\000r\000e\000,\000\040\000L\000e\000a\000r\000n\000i\000n\000g\000\040\000F\000r\000o\000m}{chapter.2}% 164
\BOOKMARK [1][-]{section.2.59}{\376\377\000N\000e\000i\000g\000h\000b\000o\000r\000l\000y\000\040\000G\000r\000a\000c\000i\000o\000u\000s\000n\000e\000s\000s}{chapter.2}% 165
\BOOKMARK [1][-]{section.2.60}{\376\377\000O\000w\000n\000e\000r\000s\000h\000i\000p\000\040\000a\000n\000d\000\040\000B\000u\000s\000i\000n\000e\000s\000s}{chapter.2}% 166
\BOOKMARK [1][-]{section.2.61}{\376\377\000P\000a\000r\000a\000n\000o\000i\000a\000\040\000o\000f\000\040\000P\000o\000w\000e\000r\000f\000u\000l\000\040\000a\000n\000d\000\040\000D\000e\000s\000p\000a\000i\000r}{chapter.2}% 167
\BOOKMARK [1][-]{section.2.62}{\376\377\000P\000a\000t\000i\000e\000n\000c\000e}{chapter.2}% 168
\BOOKMARK [2][-]{subsection.2.62.1}{\376\377\000S\000e\000l\000f\000-\000C\000o\000n\000t\000r\000o\000l}{section.2.62}% 169
\BOOKMARK [2][-]{subsection.2.62.2}{\376\377\000W\000i\000t\000h\000\040\000P\000e\000o\000p\000l\000e}{section.2.62}% 170
\BOOKMARK [1][-]{section.2.63}{\376\377\000W\000i\000s\000d\000o\000m\000\040\000i\000n\000\040\000P\000e\000r\000s\000o\000n\000n\000e\000l\000\040\000M\000a\000n\000a\000g\000e\000m\000e\000n\000t}{chapter.2}% 171
\BOOKMARK [1][-]{section.2.64}{\376\377\000P\000h\000y\000s\000i\000c\000a\000l\000\040\000F\000i\000t\000n\000e\000s\000s\000,\000\040\000R\000e\000s\000p\000o\000n\000s\000i\000b\000i\000l\000i\000t\000y\000\040\000f\000o\000r}{chapter.2}% 172
\BOOKMARK [1][-]{section.2.65}{\376\377\000P\000l\000a\000n\000n\000i\000n\000g}{chapter.2}% 173
\BOOKMARK [2][-]{subsection.2.65.1}{\376\377\000I\000n\000p\000u\000t}{section.2.65}% 174
\BOOKMARK [2][-]{subsection.2.65.2}{\376\377\000L\000o\000n\000g\000\040\000T\000e\000r\000m}{section.2.65}% 175
\BOOKMARK [2][-]{subsection.2.65.3}{\376\377\000M\000e\000t\000h\000o\000d\000o\000l\000o\000g\000y}{section.2.65}% 176
\BOOKMARK [2][-]{subsection.2.65.4}{\376\377\000R\000e\000g\000u\000l\000a\000t\000o\000r\000y\000\040\000C\000o\000m\000p\000l\000i\000a\000n\000c\000e}{section.2.65}% 177
\BOOKMARK [2][-]{subsection.2.65.5}{\376\377\000S\000t\000r\000a\000t\000e\000g\000y\000\040\000v\000s\000.\000\040\000T\000a\000c\000t\000i\000c\000s}{section.2.65}% 178
\BOOKMARK [1][-]{section.2.66}{\376\377\000P\000r\000a\000y\000e\000r\000s\000\040\000o\000f\000\040\000L\000e\000a\000d\000e\000r\000s\000h\000i\000p}{chapter.2}% 179
\BOOKMARK [1][-]{section.2.67}{\376\377\000P\000r\000i\000o\000r\000i\000t\000i\000e\000s\000,\000\040\000S\000u\000r\000v\000i\000v\000a\000l\000/\000O\000p\000p\000o\000r\000t\000u\000n\000i\000t\000i\000e\000s}{chapter.2}% 180
\BOOKMARK [1][-]{section.2.68}{\376\377\000P\000r\000o\000f\000e\000s\000s\000i\000o\000n\000a\000l\000\040\000D\000e\000v\000e\000l\000o\000p\000m\000e\000n\000t}{chapter.2}% 181
\BOOKMARK [2][-]{subsection.2.68.1}{\376\377\000A\000t\000t\000i\000t\000u\000d\000e}{section.2.68}% 182
\BOOKMARK [2][-]{subsection.2.68.2}{\376\377\000P\000r\000e\000r\000e\000q\000u\000i\000s\000i\000t\000e}{section.2.68}% 183
\BOOKMARK [1][-]{section.2.69}{\376\377\000P\000r\000o\000m\000i\000s\000e\000\040\000o\000f\000\040\000G\000o\000d}{chapter.2}% 184
\BOOKMARK [1][-]{section.2.70}{\376\377\000R\000e\000a\000l\000i\000t\000y}{chapter.2}% 185
\BOOKMARK [2][-]{subsection.2.70.1}{\376\377\000E\000t\000e\000r\000n\000a\000l\000\040\000P\000e\000r\000s\000p\000e\000c\000t\000i\000v\000e}{section.2.70}% 186
\BOOKMARK [2][-]{subsection.2.70.2}{\376\377\000P\000r\000a\000c\000t\000i\000c\000e\000/\000B\000e\000l\000i\000e\000f}{section.2.70}% 187
\BOOKMARK [2][-]{subsection.2.70.3}{\376\377\000S\000p\000i\000r\000i\000t\000u\000a\000l}{section.2.70}% 188
\BOOKMARK [2][-]{subsection.2.70.4}{\376\377\000W\000o\000r\000l\000d\000l\000y\000\040\000L\000o\000v\000e\000,\000\040\000G\000a\000l\000a\000t\000i\000a\000n\000s}{section.2.70}% 189
\BOOKMARK [2][-]{subsection.2.70.5}{\376\377\000W\000o\000r\000l\000d\000l\000y\000\040\000L\000o\000v\000e\000,\000\040\000E\000p\000h\000e\000s\000i\000a\000n\000s}{section.2.70}% 190
\BOOKMARK [1][-]{section.2.71}{\376\377\000R\000e\000j\000e\000c\000t\000i\000o\000n}{chapter.2}% 191
\BOOKMARK [2][-]{subsection.2.71.1}{\376\377\000H\000o\000m\000e\000t\000o\000w\000n}{section.2.71}% 192
\BOOKMARK [2][-]{subsection.2.71.2}{\376\377\000R\000e\000s\000p\000e\000c\000t}{section.2.71}% 193
\BOOKMARK [2][-]{subsection.2.71.3}{\376\377\000S\000p\000o\000u\000s\000e}{section.2.71}% 194
\BOOKMARK [1][-]{section.2.72}{\376\377\000R\000e\000s\000t\000\040\000a\000n\000d\000\040\000R\000e\000l\000i\000e\000f\000\040\000f\000r\000o\000m\000\040\000E\000x\000c\000e\000s\000s\000\040\000B\000u\000s\000i\000n\000e\000s\000s}{chapter.2}% 195
\BOOKMARK [1][-]{section.2.73}{\376\377\000S\000c\000h\000e\000d\000u\000l\000i\000n\000g\000\040\000M\000a\000n\000a\000g\000e\000m\000e\000n\000t}{chapter.2}% 196
\BOOKMARK [1][-]{section.2.74}{\376\377\000S\000e\000c\000u\000r\000i\000t\000y\000\040\000o\000f\000\040\000I\000n\000f\000o\000r\000m\000a\000t\000i\000o\000n}{chapter.2}% 197
\BOOKMARK [1][-]{section.2.75}{\376\377\000S\000e\000l\000f\000-\000H\000e\000l\000p\000,\000\040\000S\000e\000l\000f\000-\000A\000n\000a\000l\000y\000s\000i\000s}{chapter.2}% 198
\BOOKMARK [1][-]{section.2.76}{\376\377\000S\000h\000a\000r\000i\000n\000g\000\040\000G\000e\000n\000e\000r\000o\000s\000i\000t\000y}{chapter.2}% 199
\BOOKMARK [1][-]{section.2.77}{\376\377\000S\000o\000c\000i\000a\000l\000\040\000C\000o\000n\000f\000o\000r\000m\000a\000n\000c\000e}{chapter.2}% 200
\BOOKMARK [1][-]{section.2.78}{\376\377\000S\000p\000i\000r\000i\000t\000u\000a\000l\000\040\000P\000e\000r\000s\000p\000e\000c\000t\000i\000v\000e}{chapter.2}% 201
\BOOKMARK [1][-]{section.2.79}{\376\377\000A\000\040\000F\000o\000r\000m\000u\000l\000a\000\040\000f\000o\000r\000\040\000S\000t\000a\000b\000i\000l\000i\000t\000y\000\040\000i\000n\000\040\000B\000u\000s\000i\000n\000e\000s\000s}{chapter.2}% 202
\BOOKMARK [1][-]{section.2.80}{\376\377\000S\000p\000i\000r\000i\000t\000u\000a\000l\000\040\000S\000t\000r\000e\000n\000g\000t\000h}{chapter.2}% 203
\BOOKMARK [1][-]{section.2.81}{\376\377\000S\000t\000r\000e\000s\000s\000\040\000M\000a\000n\000a\000g\000e\000m\000e\000n\000t}{chapter.2}% 204
\BOOKMARK [2][-]{subsection.2.81.1}{\376\377\000S\000t\000r\000e\000s\000s\000\040\000L\000e\000v\000e\000l\000s}{section.2.81}% 205
\BOOKMARK [2][-]{subsection.2.81.2}{\376\377\000R\000e\000m\000e\000m\000b\000e\000r\000i\000n\000g\000\040\000O\000u\000r\000\040\000P\000u\000r\000p\000o\000s\000e}{section.2.81}% 206
\BOOKMARK [2][-]{subsection.2.81.3}{\376\377\000S\000o\000u\000r\000c\000e\000\040\000o\000f\000\040\000R\000e\000s\000t}{section.2.81}% 207
\BOOKMARK [2][-]{subsection.2.81.4}{\376\377\000F\000i\000r\000s\000t\000\040\000T\000h\000i\000n\000g\000s\000\040\000F\000i\000r\000s\000t}{section.2.81}% 208
\BOOKMARK [1][-]{section.2.82}{\376\377\000T\000e\000a\000c\000h\000i\000n\000g\000\040\000M\000e\000t\000h\000o\000d\000o\000l\000o\000g\000y}{chapter.2}% 209
\BOOKMARK [1][-]{section.2.83}{\376\377\000T\000i\000m\000e}{chapter.2}% 210
\BOOKMARK [2][-]{subsection.2.83.1}{\376\377\000A\000\040\000P\000e\000r\000s\000p\000e\000c\000t\000i\000v\000e\000\040\000O\000f}{section.2.83}% 211
\BOOKMARK [2][-]{subsection.2.83.2}{\376\377\000F\000u\000t\000u\000r\000e\000\040\000P\000e\000r\000s\000p\000e\000c\000t\000i\000v\000e}{section.2.83}% 212
\BOOKMARK [2][-]{subsection.2.83.3}{\376\377\000F\000u\000t\000u\000r\000e\000\040\000P\000l\000a\000n\000n\000i\000n\000g}{section.2.83}% 213
\BOOKMARK [2][-]{subsection.2.83.4}{\376\377\000G\000o\000d\000'\000s\000\040\000P\000e\000r\000s\000p\000e\000c\000t\000i\000v\000e}{section.2.83}% 214
\BOOKMARK [2][-]{subsection.2.83.5}{\376\377\000L\000i\000f\000e}{section.2.83}% 215
\BOOKMARK [2][-]{subsection.2.83.6}{\376\377\000L\000i\000f\000e\000t\000i\000m\000e}{section.2.83}% 216
\BOOKMARK [2][-]{subsection.2.83.7}{\376\377\000U\000n\000i\000t\000s\000\040\000O\000f}{section.2.83}% 217
\BOOKMARK [1][-]{section.2.84}{\376\377\000T\000h\000e\000\040\000L\000i\000m\000i\000t\000s\000\040\000o\000f\000\040\000T\000r\000i\000a\000l\000s}{chapter.2}% 218
\BOOKMARK [1][-]{section.2.85}{\376\377\000T\000r\000u\000s\000t\000-\000B\000u\000i\000l\000d\000i\000n\000g}{chapter.2}% 219
\BOOKMARK [1][-]{section.2.86}{\376\377\000T\000r\000u\000t\000h\000f\000u\000l\000n\000e\000s\000s\000,\000\040\000T\000e\000s\000t\000i\000n\000g\000\040\000o\000f}{chapter.2}% 220
\BOOKMARK [1][-]{section.2.87}{\376\377\000W\000e\000a\000l\000t\000h\000,\000\040\000P\000e\000r\000s\000p\000e\000c\000t\000i\000v\000e\000\040\000o\000f}{chapter.2}% 221
\BOOKMARK [1][-]{section.2.88}{\376\377\000W\000i\000l\000l\000\040\000P\000o\000w\000e\000r}{chapter.2}% 222
\BOOKMARK [1][-]{section.2.89}{\376\377\000W\000o\000r\000k\000\040\000E\000t\000h\000i\000c}{chapter.2}% 223
\BOOKMARK [2][-]{subsection.2.89.1}{\376\377\000E\000n\000j\000o\000y\000i\000n\000g\000\040\000W\000o\000r\000k}{section.2.89}% 224
\BOOKMARK [2][-]{subsection.2.89.2}{\376\377\000C\000o\000m\000m\000i\000t\000m\000e\000n\000t\000\040\000a\000n\000d\000\040\000R\000e\000s\000o\000l\000v\000e}{section.2.89}% 225
\BOOKMARK [2][-]{subsection.2.89.3}{\376\377\000G\000o\000a\000l\000\040\000S\000e\000t\000t\000i\000n\000g}{section.2.89}% 226
\BOOKMARK [0][-]{chapter.3}{\376\377\000F\000i\000n\000a\000n\000c\000i\000a\000l\000\040\000M\000a\000t\000t\000e\000r\000s}{}% 227
\BOOKMARK [1][-]{section.3.1}{\376\377\000B\000u\000s\000i\000n\000e\000s\000s\000\040\000F\000o\000c\000u\000s}{chapter.3}% 228
\BOOKMARK [1][-]{section.3.2}{\376\377\000B\000u\000s\000i\000n\000e\000s\000s\000\040\000P\000h\000i\000l\000o\000s\000o\000p\000h\000y}{chapter.3}% 229
\BOOKMARK [1][-]{section.3.3}{\376\377\000A\000n\000\040\000E\000x\000a\000m\000p\000l\000e\000\040\000o\000f\000\040\000C\000h\000a\000r\000i\000t\000y}{chapter.3}% 230
\BOOKMARK [1][-]{section.3.4}{\376\377\000C\000o\000l\000l\000a\000t\000e\000r\000a\000l\000\040\000P\000r\000i\000n\000c\000i\000p\000l\000e}{chapter.3}% 231
\BOOKMARK [1][-]{section.3.5}{\376\377\000F\000i\000n\000a\000n\000c\000i\000a\000l\000\040\000C\000o\000n\000t\000e\000n\000t\000m\000e\000n\000t}{chapter.3}% 232
\BOOKMARK [1][-]{section.3.6}{\376\377\000C\000o\000u\000r\000a\000g\000e\000\040\000t\000o\000\040\000P\000e\000r\000s\000e\000v\000e\000r\000e}{chapter.3}% 233
\BOOKMARK [1][-]{section.3.7}{\376\377\000P\000a\000y\000m\000e\000n\000t\000\040\000o\000f\000\040\000D\000e\000b\000t}{chapter.3}% 234
\BOOKMARK [1][-]{section.3.8}{\376\377\000T\000r\000e\000a\000t\000m\000e\000n\000t\000\040\000o\000f\000\040\000D\000e\000b\000t\000o\000r\000s}{chapter.3}% 235
\BOOKMARK [1][-]{section.3.9}{\376\377\000\277\000F\000a\000i\000r\000n\000e\000s\000s\000,\000\040\000P\000e\000r\000c\000e\000p\000t\000i\000o\000n\000\040\000o\000f\000?}{chapter.3}% 236
\BOOKMARK [1][-]{section.3.10}{\376\377\000F\000i\000n\000a\000n\000c\000i\000a\000l\000\040\000C\000y\000c\000l\000e\000s}{chapter.3}% 237
\BOOKMARK [1][-]{section.3.11}{\376\377\000F\000i\000n\000a\000n\000c\000i\000a\000l\000\040\000S\000t\000r\000e\000s\000s\000,\000\040\000H\000e\000b\000r\000e\000w\000s\000\040\0001\0003\000:\0005\040\023\0006}{chapter.3}% 238
\BOOKMARK [1][-]{section.3.12}{\376\377\000I\000n\000h\000e\000r\000i\000t\000a\000n\000c\000e}{chapter.3}% 239
\BOOKMARK [2][-]{subsection.3.12.1}{\376\377\000V\000a\000l\000u\000e\000,\000\040\000P\000r\000o\000v\000e\000r\000b\000s\000\040\0001\0003\000:\0002\0002}{section.3.12}% 240
\BOOKMARK [2][-]{subsection.3.12.2}{\376\377\000V\000a\000l\000u\000e\000\040\000o\000f\000,\000\040\000P\000r\000o\000v\000e\000r\000b\000s\000\040\0002\0000\000:\0002\0001}{section.3.12}% 241
\BOOKMARK [1][-]{section.3.13}{\376\377\000L\000o\000a\000n\000s}{chapter.3}% 242
\BOOKMARK [2][-]{subsection.3.13.1}{\376\377\000C\000o\000l\000l\000e\000c\000t\000i\000o\000n\000\040\000o\000f\000,\000\040\000D\000e\000u\000t\000e\000r\000o\000n\000o\000m\000y\000\040\0001\0005\000:\0001\040\023\0003}{section.3.13}% 243
\BOOKMARK [2][-]{subsection.3.13.2}{\376\377\000I\000n\000t\000e\000r\000e\000s\000t\000,\000\040\000D\000e\000u\000t\000e\000r\000o\000n\000o\000m\000y\000\040\0002\0003\000:\0001\0009\040\023\0002\0000}{section.3.13}% 244
\BOOKMARK [1][-]{section.3.14}{\376\377\000M\000o\000n\000e\000y}{chapter.3}% 245
\BOOKMARK [2][-]{subsection.3.14.1}{\376\377\000D\000e\000b\000t\000,\000\040\000R\000o\000m\000a\000n\000s\000\040\0001\0003\000:\0006\040\023\0008}{section.3.14}% 246
\BOOKMARK [2][-]{subsection.3.14.2}{\376\377\000F\000a\000l\000s\000e\000\040\000V\000a\000l\000u\000e\000,\000\040\000P\000r\000o\000v\000e\000r\000b\000s\000\040\0001\0001\000:\0002\0008}{section.3.14}% 247
\BOOKMARK [2][-]{subsection.3.14.3}{\376\377\000I\000n\000v\000e\000s\000t\000m\000e\000n\000t\000\040\000o\000f\000,\000\040\000P\000r\000o\000v\000e\000r\000b\000s\000\040\0003\000:\0009\040\023\0001\0000}{section.3.14}% 248
\BOOKMARK [2][-]{subsection.3.14.4}{\376\377\000R\000e\000c\000e\000i\000v\000a\000b\000l\000e\000s\000,\000\040\000T\000i\000m\000i\000n\000g\000,\000\040\000R\000o\000m\000a\000n\000s\000\040\0001\0003\000:\0006\040\023\0008}{section.3.14}% 249
\BOOKMARK [1][-]{section.3.15}{\376\377\000P\000h\000i\000l\000a\000n\000t\000h\000r\000o\000p\000y}{chapter.3}% 250
\BOOKMARK [2][-]{subsection.3.15.1}{\376\377\000R\000i\000g\000h\000t\000e\000o\000u\000s\000n\000e\000s\000s\000\040\000o\000f\000,\000\040\000P\000r\000o\000v\000e\000r\000b\000s\000\040\0002\0001\000:\0001\0003}{section.3.15}% 251
\BOOKMARK [2][-]{subsection.3.15.2}{\376\377\000V\000a\000l\000u\000e\000\040\000o\000f\000,\000\040\000P\000r\000o\000v\000e\000r\000b\000s\000\040\0001\0009\000:\0001\0007}{section.3.15}% 252
\BOOKMARK [1][-]{section.3.16}{\376\377\000P\000l\000a\000n\000n\000i\000n\000g\000\040\000F\000i\000n\000a\000n\000c\000i\000a\000l\000,\000\040\000L\000u\000k\000e\000\040\0001\0004\000:\0002\0008\040\023\0003\0000}{chapter.3}% 253
\BOOKMARK [1][-]{section.3.17}{\376\377\000P\000o\000v\000e\000r\000t\000y\000,\000\040\000E\000x\000p\000l\000a\000n\000a\000t\000i\000o\000n\000\040\000o\000f\000,\000\040\000D\000e\000u\000t\000e\000r\000o\000n\000o\000m\000y\000\040\0001\0005\000:\0001\0001}{chapter.3}% 254
\BOOKMARK [1][-]{section.3.18}{\376\377\000P\000r\000o\000f\000i\000t}{chapter.3}% 255
\BOOKMARK [2][-]{subsection.3.18.1}{\376\377\000A\000\040\000f\000o\000r\000m\000u\000l\000a\000\040\000f\000o\000r\000,\000\040\000P\000r\000o\000v\000e\000r\000b\000s\000\040\0001\0004\000:\0002\0003}{section.3.18}% 256
\BOOKMARK [2][-]{subsection.3.18.2}{\376\377\000M\000a\000n\000a\000g\000e\000m\000e\000n\000t\000,\000\040\000P\000r\000o\000v\000e\000r\000b\000s\000\040\0001\0006\000:\0008}{section.3.18}% 257
\BOOKMARK [1][-]{section.3.19}{\376\377\000S\000a\000l\000a\000r\000y\000,\000\040\000P\000a\000y\000m\000e\000n\000t\000\040\000o\000f\000.\000\040\000D\000e\000u\000t\000e\000r\000o\000n\000o\000m\000y\000\040\0002\0004\000:\0001\0004\040\023\0001\0005}{chapter.3}% 258
\BOOKMARK [1][-]{section.3.20}{\376\377\000S\000a\000v\000i\000n\000g\000s\000,\000\040\000T\000h\000e\000\040\000P\000r\000o\000c\000e\000s\000s\000,\000\040\000P\000r\000o\000v\000e\000r\000b\000s\000\040\0001\0003\000:\0001\0001}{chapter.3}% 259
\BOOKMARK [1][-]{section.3.21}{\376\377\000T\000a\000x\000e\000s\000,\000\040\000P\000a\000y\000m\000e\000n\000t\000\040\000o\000f\000,\000\040\000R\000o\000m\000a\000n\000s\000\040\0001\0003\000:\0006\040\023\0007}{chapter.3}% 260
\BOOKMARK [1][-]{section.3.22}{\376\377\000W\000e\000a\000l\000t\000h}{chapter.3}% 261
\BOOKMARK [2][-]{subsection.3.22.1}{\376\377\000A\000\040\000P\000e\000r\000s\000p\000e\000c\000t\000i\000v\000e\000,\000\040\000L\000u\000k\000e\000\040\0001\0008\000:\0001\0008\040\023\0002\0005}{section.3.22}% 262
\BOOKMARK [2][-]{subsection.3.22.2}{\376\377\000D\000i\000s\000p\000o\000s\000i\000t\000i\000o\000n\000\040\000o\000f\000,\000\040\000P\000s\000a\000l\000m\000\040\0004\0009\000:\0001\0006\040\023\0002\0000}{section.3.22}% 263
\BOOKMARK [2][-]{subsection.3.22.3}{\376\377\000G\000o\000a\000l\000s\000,\000\040\000L\000u\000k\000e\000\040\0001\0002\000:\0003\0002\040\023\0003\0004}{section.3.22}% 264
\BOOKMARK [2][-]{subsection.3.22.4}{\376\377\000P\000u\000r\000p\000o\000s\000e\000\040\000o\000f\000,\000\040\000L\000u\000k\000e\000\040\0001\0006\000:\0001\0003}{section.3.22}% 265
\BOOKMARK [2][-]{subsection.3.22.5}{\376\377\000S\000o\000u\000r\000c\000e\000\040\000o\000f\000,\000\040\000D\000e\000u\000t\000e\000r\000o\000n\000o\000m\000y\000\040\0008\000:\0001\0007\040\023\0001\0008}{section.3.22}% 266
\BOOKMARK [2][-]{subsection.3.22.6}{\376\377\000S\000p\000e\000n\000d\000i\000n\000g\000/\000D\000i\000s\000t\000r\000i\000b\000u\000t\000i\000o\000n\000,\000\040\000L\000u\000k\000e\000\040\0001\0006\000:\0001\040\023\0009}{section.3.22}% 267
\BOOKMARK [2][-]{subsection.3.22.7}{\376\377\000S\000p\000i\000r\000i\000t\000u\000a\000l\000,\000\040\000L\000u\000k\000e\000\040\0001\0008\000:\0002\0009\040\023\0003\0000}{section.3.22}% 268
\BOOKMARK [2][-]{subsection.3.22.8}{\376\377\000U\000n\000j\000u\000s\000t\000l\000y\000\040\000E\000a\000r\000n\000e\000d\000,\000\040\000J\000e\000r\000e\000m\000i\000a\000h\000\040\0001\0007\000:\0001\0001}{section.3.22}% 269
\BOOKMARK [1][-]{section.3.23}{\376\377\000W\000i\000n\000d\000f\000a\000l\000l\000,\000\040\000E\000a\000s\000y\000\040\000M\000o\000n\000e\000y\000,\000\040\000P\000r\000o\000v\000e\000r\000b\000s\000\040\0001\0003\000:\0001\0001}{chapter.3}% 270
\BOOKMARK [0][-]{chapter.4}{\376\377\000M\000a\000r\000k\000e\000t\000i\000n\000g\000\040\000a\000n\000d\000\040\000S\000a\000l\000e\000s}{}% 271
\BOOKMARK [1][-]{section.4.1}{\376\377\000A\000d\000v\000e\000r\000t\000i\000s\000i\000n\000g}{chapter.4}% 272
\BOOKMARK [2][-]{subsection.4.1.1}{\376\377\000D\000e\000l\000i\000v\000e\000r\000y}{section.4.1}% 273
\BOOKMARK [2][-]{subsection.4.1.2}{}{section.4.1}% 274
\BOOKMARK [2][-]{subsection.4.1.3}{\376\377\000P\000r\000i\000n\000c\000i\000p\000l\000e\000,\000\040\000L\000u\000k\000e\000\040\0001\0001\000:\0003\0003}{section.4.1}% 275
\BOOKMARK [2][-]{subsection.4.1.4}{\376\377\000S\000p\000o\000k\000e\000s\000m\000a\000n\000\040\000S\000t\000r\000a\000t\000e\000g\000y\000,\000\040\000J\000o\000h\000n\000\040\0004\000:\0004\040\023\0004\0002}{section.4.1}% 276
\BOOKMARK [1][-]{section.4.2}{\376\377\000A\000p\000p\000e\000a\000r\000a\000n\000c\000e\000,\000\040\000I\000m\000a\000g\000e\000,\000\040\000P\000r\000o\000v\000e\000r\000b\000s\000\040\0001\0005\000:\0003\0000}{chapter.4}% 277
\BOOKMARK [1][-]{section.4.3}{\376\377\000C\000l\000i\000e\000n\000t\000\040\000R\000e\000l\000a\000t\000i\000o\000n\000s\000\040\000P\000r\000i\000n\000c\000i\000p\000l\000e\000,\000\040\000P\000r\000o\000v\000e\000r\000b\000s\000\040\0002\0003\000:\0001\040\023\0003}{chapter.4}% 278
\BOOKMARK [1][-]{section.4.4}{\376\377\000F\000a\000i\000t\000h\000,\000\040\000E\000x\000a\000m\000p\000l\000e\000\040\000o\000f\000,\000\040\000L\000u\000k\000e\000\040\0007\000:\0001\040\023\0001\0000}{chapter.4}% 279
\BOOKMARK [1][-]{section.4.5}{\376\377\000I\000m\000a\000g\000e\000\040\000P\000r\000o\000j\000e\000c\000t\000i\000n\000g\000,\000\040\000P\000r\000o\000v\000e\000r\000b\000s\000\040\0002\0007\000:\0001\0009}{chapter.4}% 280
\BOOKMARK [1][-]{section.4.6}{\376\377\000I\000m\000p\000r\000e\000s\000s\000i\000o\000n\000s\000\040\000o\000f\000\040\000W\000e\000a\000l\000t\000h\000,\000\040\000P\000r\000o\000v\000e\000r\000b\000s\000\040\0001\0002\000:\0009}{chapter.4}% 281
\BOOKMARK [1][-]{section.4.7}{\376\377\000I\000n\000f\000o\000r\000m\000a\000t\000i\000o\000n\000\040\000S\000e\000c\000r\000e\000c\000y\000,\000\040\000E\000c\000c\000l\000e\000s\000i\000a\000s\000t\000e\000s\000\040\0001\0000\000:\0002\0000}{chapter.4}% 282
\BOOKMARK [1][-]{section.4.8}{\376\377\000M\000a\000r\000k\000e\000t\000i\000n\000g}{chapter.4}% 283
\BOOKMARK [2][-]{subsection.4.8.1}{\376\377\000C\000o\000u\000r\000a\000g\000e\000,\000\040\000L\000u\000k\000e\000\040\0001\0001\000:\0005\040\023\0001\0000}{section.4.8}% 284
\BOOKMARK [2][-]{subsection.4.8.2}{\376\377\000P\000e\000r\000s\000o\000n\000n\000e\000l\000,\000\040\000P\000r\000o\000v\000e\000r\000b\000s\000\040\0002\0005\000:\0001\0003}{section.4.8}% 285
\BOOKMARK [2][-]{subsection.4.8.3}{\376\377\000S\000t\000r\000a\000t\000e\000g\000y\000,\000\040\0001\000\040\000C\000o\000r\000i\000n\000t\000h\000i\000a\000n\000s\000\040\0009\000:\0001\0009\040\023\0002\0003}{section.4.8}% 286
\BOOKMARK [1][-]{section.4.9}{\376\377\000R\000e\000l\000a\000t\000i\000o\000n\000s\000h\000i\000p\000s\000,\000\040\000F\000o\000r\000c\000i\000n\000g\000\040\000o\000f\000,\000\040\000S\000o\000n\000g\000\040\000o\000f\000\040\000S\000o\000n\000g\000s\000\040\0003\000:\0005}{chapter.4}% 287
\BOOKMARK [1][-]{section.4.10}{\376\377\000R\000e\000l\000a\000t\000i\000o\000n\000s\000h\000i\000p\000s\000,\000\040\000F\000o\000u\000n\000d\000a\000t\000i\000o\000n\000\040\000f\000o\000r\000,\000\040\0001\000\040\000C\000o\000r\000i\000n\000t\000h\000i\000a\000n\000s\000\040\0001\0003\000:\0001\000-\0007\000\040}{chapter.4}% 288
\BOOKMARK [0][-]{chapter.5}{\376\377\000S\000u\000c\000c\000e\000s\000s\000\040\000a\000n\000d\000\040\000F\000a\000i\000l\000u\000r\000e\000\040\000i\000n\000\040\000t\000h\000e\000\040\000B\000u\000s\000i\000n\000e\000s\000s\000\040\000W\000o\000r\000l\000d}{}% 289
\BOOKMARK [1][-]{section.5.1}{\376\377\000A\000l\000l\000e\000g\000i\000a\000n\000c\000e\000,\000\040\000S\000e\000l\000e\000c\000t\000i\000n\000g\000\040\000P\000e\000o\000p\000l\000e\000,\000\040\000A\000c\000t\000s\000\040\0009\000:\0001\040\023\0002\0002}{chapter.5}% 290
\BOOKMARK [1][-]{section.5.2}{\376\377\000R\000e\000v\000e\000n\000g\000e\000,\000\040\000R\000e\000t\000r\000i\000b\000u\000t\000i\000o\000n\000,\000\040\000R\000o\000m\000a\000n\000s\000\040\0001\0002\000:\0001\0007\040\023\0002\0001}{chapter.5}% 291
\BOOKMARK [1][-]{section.5.3}{\376\377\000S\000u\000c\000c\000e\000s\000s}{chapter.5}% 292
\BOOKMARK [2][-]{subsection.5.3.1}{\376\377\000A\000t\000t\000i\000t\000u\000d\000e\000\040\000f\000o\000r\000,\000\040\000R\000o\000m\000a\000n\000s\000\040\0001\0005\000:\0001\040\023\0004}{section.5.3}% 293
\BOOKMARK [2][-]{subsection.5.3.2}{\376\377\000C\000o\000m\000p\000l\000a\000c\000e\000n\000c\000y\000,\000\040\000L\000u\000k\000e\000\040\0001\0002\000:\0001\0006\040\023\0002\0001}{section.5.3}% 294
\BOOKMARK [2][-]{subsection.5.3.3}{\376\377\000C\000r\000e\000d\000i\000t\000\040\000f\000o\000r\000,\000\040\0002\000\040\000C\000o\000r\000i\000n\000t\000h\000i\000a\000n\000s\000\040\0001\0000\000:\0001\0005\040\023\0001\0008}{section.5.3}% 295
\BOOKMARK [2][-]{subsection.5.3.4}{\376\377\000P\000e\000r\000p\000e\000t\000u\000i\000t\000y\000,\000\040\000P\000r\000o\000v\000e\000r\000b\000s\000\040\0002\0007\000:\0002\0003\040\023\0002\0004}{section.5.3}% 296
\BOOKMARK [2][-]{subsection.5.3.5}{\376\377\000T\000h\000e\000\040\000P\000e\000r\000i\000l\000s\000\040\000o\000f\000,\000\040\000N\000e\000h\000e\000m\000i\000a\000h\000\040\0006\000:\0001\040\023\0001\0009}{section.5.3}% 297
\BOOKMARK [1][-]{section.5.4}{\376\377\000W\000i\000n\000n\000i\000n\000g}{chapter.5}% 298
\BOOKMARK [2][-]{subsection.5.4.1}{\376\377\000A\000\040\000M\000e\000n\000t\000a\000l\000\040\000C\000o\000n\000c\000e\000p\000t\000,\000\040\000R\000e\000v\000e\000l\000a\000t\000i\000o\000n\000\040\0002\0001\000:\0001\040\023\0004}{section.5.4}% 299
\BOOKMARK [2][-]{subsection.5.4.2}{\376\377\000A\000\040\000S\000o\000n\000g\000\040\000f\000o\000r\000,\000\040\000P\000s\000a\000l\000m\000\040\0001\0008}{section.5.4}% 300
\BOOKMARK [2][-]{subsection.5.4.3}{\376\377\000A\000n\000\040\000A\000t\000t\000i\000t\000u\000d\000e\000\040\000f\000o\000r\000,\000\040\000M\000a\000t\000t\000h\000e\000w\000\040\0006\000:\0002\0005\040\023\0003\0004}{section.5.4}% 301
\BOOKMARK [2][-]{subsection.5.4.4}{\376\377\000G\000o\000a\000l\000s\000,\000\040\000P\000h\000i\000l\000i\000p\000p\000i\000a\000n\000s\000\040\0002\000:\0001\040\023\0001\0006}{section.5.4}% 302
\BOOKMARK [2][-]{subsection.5.4.5}{\376\377\000R\000e\000a\000s\000o\000n\000\040\000f\000o\000r\000,\000\040\000M\000a\000t\000t\000h\000e\000w\000\040\0007\000:\0007\040\023\0001\0002}{section.5.4}% 303
\BOOKMARK [2][-]{subsection.5.4.6}{\376\377\000R\000e\000c\000i\000p\000e\000\040\000f\000o\000r\000,\000\040\000H\000e\000b\000r\000e\000w\000s\000\040\0001\0002\000:\0001\040\023\0001\0003}{section.5.4}% 304
\BOOKMARK [0][-]{chapter.6}{\376\377\000C\000o\000m\000p\000e\000t\000i\000t\000i\000o\000n\000,\000\040\000t\000h\000e\000\040\000C\000h\000r\000i\000s\000t\000i\000a\000n\000\040\000P\000e\000r\000s\000p\000e\000c\000t\000i\000v\000e}{}% 305
\BOOKMARK [1][-]{section.6.1}{\376\377\000A\000d\000v\000e\000r\000s\000a\000r\000i\000e\000s}{chapter.6}% 306
\BOOKMARK [2][-]{subsection.6.1.1}{\376\377\000T\000r\000e\000a\000t\000m\000e\000n\000t\000\040\000o\000f\000,\000\040\000P\000r\000o\000v\000e\000r\000b\000s\000\040\0002\0005\000:\0002\0001\040\023\0002\0002}{section.6.1}% 307
\BOOKMARK [2][-]{subsection.6.1.2}{\376\377\000T\000r\000e\000a\000t\000m\000e\000n\000t\000\040\000o\000f\000,\000\040\000L\000u\000k\000e\000\040\0006\000:\0002\0006\000-\0003\0001}{section.6.1}% 308
\BOOKMARK [1][-]{section.6.2}{\376\377\000E\000n\000e\000m\000i\000e\000s\000,\000\040\000T\000r\000e\000a\000t\000m\000e\000n\000t\000\040\000o\000f\000,\000\040\000R\000o\000m\000a\000n\000s\000\040\0001\0002\000:\0001\0007\040\023\0002\0001}{chapter.6}% 309
\BOOKMARK [1][-]{section.6.3}{\376\377\000F\000o\000r\000g\000i\000v\000e\000n\000e\000s\000s\000\040\000o\000f\000\040\000o\000u\000r\000\040\000b\000r\000o\000t\000h\000e\000r\000s\000,\000\040\000L\000u\000k\000e\000\040\0001\0007\000:\0003\040\023\0004}{chapter.6}% 310
\BOOKMARK [1][-]{section.6.4}{\376\377\000H\000o\000n\000e\000s\000t\000y\000,\000\040\000F\000a\000i\000r\000n\000e\000s\000s\000,\000\040\000D\000e\000u\000t\000e\000r\000o\000n\000o\000m\000y\000\040\0002\0005\000:\0001\0003\040\023\0001\0006}{chapter.6}% 311
\BOOKMARK [1][-]{section.6.5}{\376\377\000P\000l\000a\000n\000n\000i\000n\000g\000\040\000C\000o\000m\000p\000e\000t\000i\000t\000i\000o\000n\000,\000\040\000L\000u\000k\000e\000\040\0001\0004\000:\0002\0008\040\023\0003\0003}{chapter.6}% 312
\BOOKMARK [1][-]{section.6.6}{\376\377\000P\000o\000w\000e\000r\000\040\000S\000t\000r\000u\000g\000g\000l\000e\000,\000\040\000R\000e\000s\000o\000l\000u\000t\000i\000o\000n\000\040\000o\000f\000,\000\040\0001\000\040\000C\000o\000r\000i\000n\000t\000h\000i\000a\000n\000s\000\040\0003\000:\0005\040\023\0002\0003}{chapter.6}% 313
\BOOKMARK [1][-]{section.6.7}{\376\377\000T\000r\000u\000s\000t\000,\000\040\000F\000a\000i\000r\000n\000e\000s\000s}{chapter.6}% 314
\BOOKMARK [0][-]{chapter.7}{\376\377\000L\000a\000w\000\040\000a\000n\000d\000\040\000C\000o\000n\000t\000r\000a\000c\000t\000s}{}% 315
\BOOKMARK [1][-]{section.7.1}{\376\377\000C\000o\000n\000t\000r\000a\000c\000t\000\040\000P\000e\000r\000f\000o\000r\000m\000a\000n\000c\000e\000\040\000a\000n\000d\000\040\000C\000o\000n\000f\000o\000r\000m\000a\000n\000c\000e}{chapter.7}% 316
\BOOKMARK [1][-]{section.7.2}{\376\377\000D\000i\000s\000p\000u\000t\000e\000s}{chapter.7}% 317
\BOOKMARK [2][-]{subsection.7.2.1}{\376\377\000R\000e\000s\000o\000l\000v\000i\000n\000g\000\040\000N\000e\000w}{section.7.2}% 318
\BOOKMARK [2][-]{subsection.7.2.2}{\376\377\000R\000e\000s\000o\000l\000v\000i\000n\000g\000\040\000O\000l\000d}{section.7.2}% 319
\BOOKMARK [2][-]{subsection.7.2.3}{\376\377\000H\000e\000a\000l\000i\000n\000g\000\040\000M\000i\000s\000t\000a\000k\000e\000s}{section.7.2}% 320
\BOOKMARK [2][-]{subsection.7.2.4}{\376\377\000J\000u\000s\000t\000i\000c\000e\000\040\000I\000n}{section.7.2}% 321
\BOOKMARK [1][-]{section.7.3}{\376\377\000L\000a\000w\000\040\000a\000n\000d\000\040\000G\000r\000a\000c\000e}{chapter.7}% 322
\BOOKMARK [1][-]{section.7.4}{\376\377\000L\000a\000w}{chapter.7}% 323
\BOOKMARK [2][-]{subsection.7.4.1}{\376\377\000C\000o\000m\000p\000l\000i\000a\000n\000c\000e\000\040\000W\000i\000t\000h}{section.7.4}% 324
\BOOKMARK [2][-]{subsection.7.4.2}{\376\377\000V\000e\000r\000s\000u\000s\000\040\000G\000r\000a\000c\000e}{section.7.4}% 325
\BOOKMARK [1][-]{section.7.5}{\376\377\000P\000a\000r\000e\000n\000t\000h\000o\000o\000d}{chapter.7}% 326
\BOOKMARK [2][-]{subsection.7.5.1}{\376\377\000D\000i\000s\000c\000i\000p\000l\000i\000n\000e}{section.7.5}% 327
\BOOKMARK [2][-]{subsection.7.5.2}{\376\377\000E\000d\000u\000c\000a\000t\000i\000o\000n}{section.7.5}% 328
\BOOKMARK [2][-]{subsection.7.5.3}{\376\377\000F\000a\000t\000h\000e\000r\000h\000o\000o\000d}{section.7.5}% 329
\BOOKMARK [1][-]{section.7.6}{\376\377\000T\000o\000u\000g\000h\000\040\000L\000o\000v\000e}{chapter.7}% 330
\BOOKMARK [0][-]{chapter*.4}{\376\377\000A\000c\000k\000n\000o\000w\000l\000e\000d\000g\000e\000m\000e\000n\000t\000s}{}% 331
\BOOKMARK [0][-]{chapter*.5}{\376\377\000I\000n\000d\000e\000x\000e\000s}{}% 332
\BOOKMARK [1][-]{section*.6}{\376\377\000I\000n\000d\000e\000x\000\040\000O\000f\000\040\000T\000o\000p\000i\000c\000s}{chapter*.5}% 333
\BOOKMARK [1][-]{section*.8}{\376\377\000I\000n\000d\000e\000x\000\040\000O\000f\000\040\000B\000i\000b\000l\000e\000\040\000T\000e\000x\000t\000s}{chapter*.5}% 334
